<?xml version="1.0" encoding="UTF-8"?>
<!-- Generated by org.testng.reporters.JUnitReportReporter -->
<testsuite hostname="PRAMODTP" failures="0" tests="1" name="StaticResponseValidation.StaticResponseValidationPost" time="7.008" errors="0" timestamp="2022-04-20T17:11:29 IST" skipped="0">
  <testcase classname="StaticResponseValidation.StaticResponseValidationPost" name="ResponsePost" time="7.008"/>
  <system-out/>
</testsuite> <!-- StaticResponseValidation.StaticResponseValidationPost -->
