<?xml version="1.0" encoding="UTF-8"?>
<!-- Generated by org.testng.reporters.JUnitReportReporter -->
<testsuite hostname="PRAMODTP" failures="0" tests="1" name="Authentecations.BeraerToken" time="8.360" errors="0" timestamp="2022-04-21T12:28:26 IST" skipped="0">
  <testcase classname="Authentecations.BeraerToken" name="BerearToken" time="8.360"/>
  <system-out/>
</testsuite> <!-- Authentecations.BeraerToken -->
