<?xml version="1.0" encoding="UTF-8"?>
<!-- Generated by org.testng.reporters.JUnitReportReporter -->
<testsuite hostname="PRAMODTP" failures="0" tests="1" name="PerfomCRUDOperationWithBDD.GetOperation" time="3.409" errors="0" timestamp="2022-04-20T13:16:26 IST" skipped="0">
  <testcase classname="PerfomCRUDOperationWithBDD.GetOperation" name="GetOperation" time="3.409"/>
  <system-out/>
</testsuite> <!-- PerfomCRUDOperationWithBDD.GetOperation -->
