<?xml version="1.0" encoding="UTF-8"?>
<!-- Generated by org.testng.reporters.JUnitReportReporter -->
<testsuite hostname="PRAMODTP" failures="0" tests="1" name="ResponseValidation.ResponseTimeValidation" time="3.687" errors="0" timestamp="2022-04-21T12:11:53 IST" skipped="0">
  <testcase classname="ResponseValidation.ResponseTimeValidation" name="ResponseTime" time="3.687"/>
  <system-out/>
</testsuite> <!-- ResponseValidation.ResponseTimeValidation -->
