<?xml version="1.0" encoding="UTF-8"?>
<!-- Generated by org.testng.reporters.JUnitReportReporter -->
<testsuite hostname="PRAMODTP" failures="0" tests="1" name="CreatePostUsingParamaters.QueryParamater" time="5.172" errors="0" timestamp="2022-04-21T12:45:04 IST" skipped="0">
  <testcase classname="CreatePostUsingParamaters.QueryParamater" name="QueryParamater" time="5.172"/>
  <system-out/>
</testsuite> <!-- CreatePostUsingParamaters.QueryParamater -->
