<?xml version="1.0" encoding="UTF-8"?>
<!-- Generated by org.testng.reporters.JUnitReportReporter -->
<testsuite hostname="PRAMODTP" failures="0" tests="1" name="PerfomCRUDOperationWithoutBDD.UpdateTheProject" time="4.277" errors="0" timestamp="2022-04-19T10:55:38 IST" skipped="0">
  <testcase classname="PerfomCRUDOperationWithoutBDD.UpdateTheProject" name="UpdateTheProject" time="4.277"/>
  <system-out/>
</testsuite> <!-- PerfomCRUDOperationWithoutBDD.UpdateTheProject -->
