<?xml version="1.0" encoding="UTF-8"?>
<!-- Generated by org.testng.reporters.JUnitReportReporter -->
<testsuite hostname="PRAMODTP" failures="0" tests="1" name="PerfomCRUDOperationWithBDD.DeleteThePorject" time="3.512" errors="0" timestamp="2022-04-20T13:26:19 IST" skipped="0">
  <testcase classname="PerfomCRUDOperationWithBDD.DeleteThePorject" name="DeleteOperation" time="3.512"/>
  <system-out/>
</testsuite> <!-- PerfomCRUDOperationWithBDD.DeleteThePorject -->
