<?xml version="1.0" encoding="UTF-8"?>
<!-- Generated by org.testng.reporters.JUnitReportReporter -->
<testsuite hostname="PRAMODTP" failures="0" tests="2" name="DataDrivenTesting.CreatePostByUsingDataProvider" time="4.144" errors="0" timestamp="2022-04-21T12:33:25 IST" skipped="0">
  <testcase classname="DataDrivenTesting.CreatePostByUsingDataProvider" name="CreatePost" time="4.074"/>
  <system-out/>
  <testcase classname="DataDrivenTesting.CreatePostByUsingDataProvider" name="CreatePost" time="0.070"/>
  <system-out/>
</testsuite> <!-- DataDrivenTesting.CreatePostByUsingDataProvider -->
