<?xml version="1.0" encoding="UTF-8"?>
<!-- Generated by org.testng.reporters.JUnitReportReporter -->
<testsuite hostname="PRAMODTP" failures="0" tests="1" name="RequestChainning.RequestChainningAddAndGet" time="6.306" errors="0" timestamp="2022-04-21T12:07:24 IST" skipped="0">
  <testcase classname="RequestChainning.RequestChainningAddAndGet" name="RequestChainning" time="6.306"/>
  <system-out/>
</testsuite> <!-- RequestChainning.RequestChainningAddAndGet -->
