<?xml version="1.0" encoding="UTF-8"?>
<!-- Generated by org.testng.reporters.JUnitReportReporter -->
<testsuite hostname="PRAMODTP" failures="0" tests="1" name="GetOperation.GetAllTherepos" time="3.323" errors="0" timestamp="2022-04-19T11:08:39 IST" skipped="0">
  <testcase classname="GetOperation.GetAllTherepos" name="GetAlltheProjects" time="3.323"/>
  <system-out/>
</testsuite> <!-- GetOperation.GetAllTherepos -->
