<?xml version="1.0" encoding="UTF-8"?>
<!-- Generated by org.testng.reporters.JUnitReportReporter -->
<testsuite hostname="PRAMODTP" failures="0" tests="1" name="PerfomCRUDOperationWithBDD.CreateTheProject" time="4.624" errors="0" timestamp="2022-04-20T13:13:20 IST" skipped="0">
  <testcase classname="PerfomCRUDOperationWithBDD.CreateTheProject" name="PostOperation" time="4.624"/>
  <system-out/>
</testsuite> <!-- PerfomCRUDOperationWithBDD.CreateTheProject -->
