<?xml version="1.0" encoding="UTF-8"?>
<!-- Generated by org.testng.reporters.JUnitReportReporter -->
<testsuite hostname="PRAMODTP" failures="0" tests="1" name="PerfomCRUDOperationWithoutBDD.CreateProject" time="4.486" errors="0" timestamp="2022-04-19T11:26:57 IST" skipped="0">
  <testcase classname="PerfomCRUDOperationWithoutBDD.CreateProject" name="CreateProject" time="4.486"/>
  <system-out/>
</testsuite> <!-- PerfomCRUDOperationWithoutBDD.CreateProject -->
