<?xml version="1.0" encoding="UTF-8"?>
<!-- Generated by org.testng.reporters.JUnitReportReporter -->
<testsuite hostname="PRAMODTP" failures="0" tests="1" name="PerfomCRUDOperationWithBDD.GetsingleProject" time="3.833" errors="0" timestamp="2022-04-20T17:52:18 IST" skipped="0">
  <testcase classname="PerfomCRUDOperationWithBDD.GetsingleProject" name="GetSingleProOperation" time="3.833"/>
  <system-out/>
</testsuite> <!-- PerfomCRUDOperationWithBDD.GetsingleProject -->
