<?xml version="1.0" encoding="UTF-8"?>
<!-- Generated by org.testng.reporters.JUnitReportReporter -->
<testsuite hostname="PRAMODTP" failures="0" tests="1" name="FrameWorkImplementation" time="4.083" errors="0" timestamp="2022-04-22T08:40:46 IST" skipped="0">
  <testcase classname="FrameWorkImplementation" name="CreateAddAndGet" time="4.083"/>
  <system-out/>
</testsuite> <!-- FrameWorkImplementation -->
