<?xml version="1.0" encoding="UTF-8"?>
<!-- Generated by org.testng.reporters.JUnitReportReporter -->
<testsuite hostname="PRAMODTP" failures="0" tests="1" name="MultipleWaysToPostProject.CreateProjectIWthPOJO" time="4.791" errors="0" timestamp="2022-04-20T13:25:53 IST" skipped="0">
  <testcase classname="MultipleWaysToPostProject.CreateProjectIWthPOJO" name="CreateProject" time="4.791"/>
  <system-out/>
</testsuite> <!-- MultipleWaysToPostProject.CreateProjectIWthPOJO -->
