<?xml version="1.0" encoding="UTF-8"?>
<!-- Generated by org.testng.reporters.JUnitReportReporter -->
<testsuite hostname="PRAMODTP" failures="0" tests="1" name="CreatePostUsingParamaters.PathParamater" time="4.267" errors="0" timestamp="2022-04-21T12:41:01 IST" skipped="0">
  <testcase classname="CreatePostUsingParamaters.PathParamater" name="pathparamater" time="4.267"/>
  <system-out/>
</testsuite> <!-- CreatePostUsingParamaters.PathParamater -->
