<?xml version="1.0" encoding="UTF-8"?>
<!-- Generated by org.testng.reporters.JUnitReportReporter -->
<testsuite hostname="PRAMODTP" failures="0" tests="1" name="PerfomCRUDOperationWithoutBDD.GetTheSingleProject" time="3.022" errors="0" timestamp="2022-04-19T11:39:25 IST" skipped="0">
  <testcase classname="PerfomCRUDOperationWithoutBDD.GetTheSingleProject" name="GetTheSingleProject" time="3.022"/>
  <system-out/>
</testsuite> <!-- PerfomCRUDOperationWithoutBDD.GetTheSingleProject -->
