<?xml version="1.0" encoding="UTF-8"?>
<!-- Generated by org.testng.reporters.JUnitReportReporter -->
<testsuite hostname="PRAMODTP" failures="0" tests="1" name="PerfomCRUDOperationWithoutBDD.GetAllTheProjects" time="3.103" errors="0" timestamp="2022-04-19T11:35:33 IST" skipped="0">
  <testcase classname="PerfomCRUDOperationWithoutBDD.GetAllTheProjects" name="GetAlltheProjects" time="3.103"/>
  <system-out/>
</testsuite> <!-- PerfomCRUDOperationWithoutBDD.GetAllTheProjects -->
