<?xml version="1.0" encoding="UTF-8"?>
<!-- Generated by org.testng.reporters.JUnitReportReporter -->
<testsuite hostname="PRAMODTP" failures="0" tests="1" name="MultipleWaysToPostProject.CreatePorjectWithJSONFile" time="3.607" errors="0" timestamp="2022-04-20T13:15:26 IST" skipped="0">
  <testcase classname="MultipleWaysToPostProject.CreatePorjectWithJSONFile" name="CreateProject" time="3.607"/>
  <system-out/>
</testsuite> <!-- MultipleWaysToPostProject.CreatePorjectWithJSONFile -->
