<?xml version="1.0" encoding="UTF-8"?>
<!-- Generated by org.testng.reporters.JUnitReportReporter -->
<testsuite hostname="PRAMODTP" failures="0" tests="1" name="RequestChainning.RequestChainningAddAndDelete" time="5.525" errors="0" timestamp="2022-04-21T12:19:01 IST" skipped="0">
  <testcase classname="RequestChainning.RequestChainningAddAndDelete" name="RequestChainning" time="5.525"/>
  <system-out/>
</testsuite> <!-- RequestChainning.RequestChainningAddAndDelete -->
