<?xml version="1.0" encoding="UTF-8"?>
<!-- Generated by org.testng.reporters.JUnitReportReporter -->
<testsuite hostname="PRAMODTP" failures="0" tests="1" name="Authentecations.BasicAuth" time="4.208" errors="0" timestamp="2022-04-21T12:23:32 IST" skipped="0">
  <testcase classname="Authentecations.BasicAuth" name="BasicAuth" time="4.208"/>
  <system-out/>
</testsuite> <!-- Authentecations.BasicAuth -->
