<?xml version="1.0" encoding="UTF-8"?>
<!-- Generated by org.testng.reporters.JUnitReportReporter -->
<testsuite hostname="PRAMODTP" failures="0" tests="1" name="CreatePostUsingParamaters.FormParamater" time="4.231" errors="0" timestamp="2022-04-21T12:49:01 IST" skipped="0">
  <testcase classname="CreatePostUsingParamaters.FormParamater" name="FormParamater" time="4.231"/>
  <system-out/>
</testsuite> <!-- CreatePostUsingParamaters.FormParamater -->
